# JRE version: Java(TM) SE Runtime Environment (8.0_111-b14) (build 1.8.0_111-b14)
# Java VM: Java HotSpot(TM) 64-Bit Server VM (25.111-b14 mixed mode windows-amd64 compressed oops)
Heap:
 PSYoungGen      total 345600K, used 236672K [0x00000000d5a00000, 0x00000000eb580000, 0x0000000100000000)
  eden space 335872K, 70% used [0x00000000d5a00000,0x00000000e40f8328,0x00000000ea200000)
  from space 9728K, 1% used [0x00000000ea280000,0x00000000ea2a8000,0x00000000eac00000)
  to   space 512K, 0% used [0x00000000eb500000,0x00000000eb500000,0x00000000eb580000)
 ParOldGen       total 120320K, used 64787K [0x0000000080e00000, 0x0000000088380000, 0x00000000d5a00000)
  object space 120320K, 53% used [0x0000000080e00000,0x0000000084d44fe8,0x0000000088380000)
 Metaspace       used 10219K, capacity 10406K, committed 10496K, reserved 1058816K
  class space    used 1191K, capacity 1253K, committed 1280K, reserved 1048576K
GC Heap History (10 events):
Event: 5.141 GC heap before
{Heap before GC invocations=15 (full 2):
 PSYoungGen      total 274944K, used 260852K [0x00000000d5a00000, 0x00000000e7100000, 0x0000000100000000)
  eden space 265728K, 98% used [0x00000000d5a00000,0x00000000e58bd3e0,0x00000000e5d80000)
  from space 9216K, 0% used [0x00000000e6700000,0x00000000e6700000,0x00000000e7000000)
  to   space 9728K, 0% used [0x00000000e5d80000,0x00000000e5d80000,0x00000000e6700000)
 ParOldGen       total 120320K, used 26323K [0x0000000080e00000, 0x0000000088380000, 0x00000000d5a00000)
  object space 120320K, 21% used [0x0000000080e00000,0x00000000827b4fb8,0x0000000088380000)
 Metaspace       used 10126K, capacity 10342K, committed 10496K, reserved 1058816K
  class space    used 1191K, capacity 1253K, committed 1280K, reserved 1048576K
Event: 5.151 GC heap after
Heap after GC invocations=15 (full 2):
 PSYoungGen      total 275456K, used 128K [0x00000000d5a00000, 0x00000000e7100000, 0x0000000100000000)
  eden space 265728K, 0% used [0x00000000d5a00000,0x00000000d5a00000,0x00000000e5d80000)
  from space 9728K, 1% used [0x00000000e5d80000,0x00000000e5da0000,0x00000000e6700000)
  to   space 9216K, 0% used [0x00000000e6700000,0x00000000e6700000,0x00000000e7000000)
 ParOldGen       total 120320K, used 64731K [0x0000000080e00000, 0x0000000088380000, 0x00000000d5a00000)
  object space 120320K, 53% used [0x0000000080e00000,0x0000000084d36fe8,0x0000000088380000)
 Metaspace       used 10126K, capacity 10342K, committed 10496K, reserved 1058816K
  class space    used 1191K, capacity 1253K, committed 1280K, reserved 1048576K
}
Event: 5.731 GC heap before
{Heap before GC invocations=16 (full 2):
 PSYoungGen      total 275456K, used 260930K [0x00000000d5a00000, 0x00000000e7100000, 0x0000000100000000)
  eden space 265728K, 98% used [0x00000000d5a00000,0x00000000e58b0bd0,0x00000000e5d80000)
  from space 9728K, 1% used [0x00000000e5d80000,0x00000000e5da0000,0x00000000e6700000)
  to   space 9216K, 0% used [0x00000000e6700000,0x00000000e6700000,0x00000000e7000000)
 ParOldGen       total 120320K, used 64731K [0x0000000080e00000, 0x0000000088380000, 0x00000000d5a00000)
  object space 120320K, 53% used [0x0000000080e00000,0x0000000084d36fe8,0x0000000088380000)
 Metaspace       used 10165K, capacity 10342K, committed 10496K, reserved 1058816K
  class space    used 1191K, capacity 1253K, committed 1280K, reserved 1048576K
Event: 5.732 GC heap after
Heap after GC invocations=16 (full 2):
 PSYoungGen      total 274944K, used 96K [0x00000000d5a00000, 0x00000000e7100000, 0x0000000100000000)
  eden space 265728K, 0% used [0x00000000d5a00000,0x00000000d5a00000,0x00000000e5d80000)
  from space 9216K, 1% used [0x00000000e6700000,0x00000000e6718000,0x00000000e7000000)
  to   space 9728K, 0% used [0x00000000e5d80000,0x00000000e5d80000,0x00000000e6700000)
 ParOldGen       total 120320K, used 64747K [0x0000000080e00000, 0x0000000088380000, 0x00000000d5a00000)
  object space 120320K, 53% used [0x0000000080e00000,0x0000000084d3afe8,0x0000000088380000)
 Metaspace       used 10165K, capacity 10342K, committed 10496K, reserved 1058816K
  class space    used 1191K, capacity 1253K, committed 1280K, reserved 1048576K
}
Event: 6.324 GC heap before
{Heap before GC invocations=17 (full 2):
 PSYoungGen      total 274944K, used 261183K [0x00000000d5a00000, 0x00000000e7100000, 0x0000000100000000)
  eden space 265728K, 98% used [0x00000000d5a00000,0x00000000e58f7d00,0x00000000e5d80000)
  from space 9216K, 1% used [0x00000000e6700000,0x00000000e6718000,0x00000000e7000000)
  to   space 9728K, 0% used [0x00000000e5d80000,0x00000000e5d80000,0x00000000e6700000)
 ParOldGen       total 120320K, used 64747K [0x0000000080e00000, 0x0000000088380000, 0x00000000d5a00000)
  object space 120320K, 53% used [0x0000000080e00000,0x0000000084d3afe8,0x0000000088380000)
 Metaspace       used 10168K, capacity 10342K, committed 10496K, reserved 1058816K
  class space    used 1191K, capacity 1253K, committed 1280K, reserved 1048576K
Event: 6.325 GC heap after
Heap after GC invocations=17 (full 2):
 PSYoungGen      total 275456K, used 96K [0x00000000d5a00000, 0x00000000ebe80000, 0x0000000100000000)
  eden space 265728K, 0% used [0x00000000d5a00000,0x00000000d5a00000,0x00000000e5d80000)
  from space 9728K, 0% used [0x00000000e5d80000,0x00000000e5d98000,0x00000000e6700000)
  to   space 9728K, 0% used [0x00000000eb500000,0x00000000eb500000,0x00000000ebe80000)
 ParOldGen       total 120320K, used 64763K [0x0000000080e00000, 0x0000000088380000, 0x00000000d5a00000)
  object space 120320K, 53% used [0x0000000080e00000,0x0000000084d3efe8,0x0000000088380000)
 Metaspace       used 10168K, capacity 10342K, committed 10496K, reserved 1058816K
  class space    used 1191K, capacity 1253K, committed 1280K, reserved 1048576K
}
Event: 6.921 GC heap before
{Heap before GC invocations=18 (full 2):
 PSYoungGen      total 275456K, used 261054K [0x00000000d5a00000, 0x00000000ebe80000, 0x0000000100000000)
  eden space 265728K, 98% used [0x00000000d5a00000,0x00000000e58d7ae8,0x00000000e5d80000)
  from space 9728K, 0% used [0x00000000e5d80000,0x00000000e5d98000,0x00000000e6700000)
  to   space 9728K, 0% used [0x00000000eb500000,0x00000000eb500000,0x00000000ebe80000)
 ParOldGen       total 120320K, used 64763K [0x0000000080e00000, 0x0000000088380000, 0x00000000d5a00000)
  object space 120320K, 53% used [0x0000000080e00000,0x0000000084d3efe8,0x0000000088380000)
 Metaspace       used 10182K, capacity 10342K, committed 10496K, reserved 1058816K
  class space    used 1191K, capacity 1253K, committed 1280K, reserved 1048576K
Event: 6.922 GC heap after
Heap after GC invocations=18 (full 2):
 PSYoungGen      total 336384K, used 128K [0x00000000d5a00000, 0x00000000eb580000, 0x0000000100000000)
  eden space 335872K, 0% used [0x00000000d5a00000,0x00000000d5a00000,0x00000000ea200000)
  from space 512K, 25% used [0x00000000eb500000,0x00000000eb520000,0x00000000eb580000)
  to   space 9728K, 0% used [0x00000000ea280000,0x00000000ea280000,0x00000000eac00000)
 ParOldGen       total 120320K, used 64779K [0x0000000080e00000, 0x0000000088380000, 0x00000000d5a00000)
  object space 120320K, 53% used [0x0000000080e00000,0x0000000084d42fe8,0x0000000088380000)
 Metaspace       used 10182K, capacity 10342K, committed 10496K, reserved 1058816K
  class space    used 1191K, capacity 1253K, committed 1280K, reserved 1048576K
}
Event: 7.677 GC heap before
{Heap before GC invocations=19 (full 2):
 PSYoungGen      total 336384K, used 326420K [0x00000000d5a00000, 0x00000000eb580000, 0x0000000100000000)
  eden space 335872K, 97% used [0x00000000d5a00000,0x00000000e98a52d8,0x00000000ea200000)
  from space 512K, 25% used [0x00000000eb500000,0x00000000eb520000,0x00000000eb580000)
  to   space 9728K, 0% used [0x00000000ea280000,0x00000000ea280000,0x00000000eac00000)
 ParOldGen       total 120320K, used 64779K [0x0000000080e00000, 0x0000000088380000, 0x00000000d5a00000)
  object space 120320K, 53% used [0x0000000080e00000,0x0000000084d42fe8,0x0000000088380000)
 Metaspace       used 10208K, capacity 10406K, committed 10496K, reserved 1058816K
  class space    used 1191K, capacity 1253K, committed 1280K, reserved 1048576K
Event: 7.678 GC heap after
Heap after GC invocations=19 (full 2):
 PSYoungGen      total 345600K, used 160K [0x00000000d5a00000, 0x00000000eb580000, 0x0000000100000000)
  eden space 335872K, 0% used [0x00000000d5a00000,0x00000000d5a00000,0x00000000ea200000)
  from space 9728K, 1% used [0x00000000ea280000,0x00000000ea2a8000,0x00000000eac00000)
  to   space 512K, 0% used [0x00000000eb500000,0x00000000eb500000,0x00000000eb580000)
 ParOldGen       total 120320K, used 64787K [0x0000000080e00000, 0x0000000088380000, 0x00000000d5a00000)
  object space 120320K, 53% used [0x0000000080e00000,0x0000000084d44fe8,0x0000000088380000)
 Metaspace       used 10208K, capacity 10406K, committed 10496K, reserved 1058816K
  class space    used 1191K, capacity 1253K, committed 1280K, reserved 1048576K
}

