# JRE version: Java(TM) SE Runtime Environment (8.0_111-b14) (build 1.8.0_111-b14)
# Java VM: Java HotSpot(TM) 64-Bit Server VM (25.111-b14 mixed mode windows-amd64 compressed oops)
Heap:
 PSYoungGen      total 80384K, used 77992K [0x00000000d5a00000, 0x00000000eea00000, 0x0000000100000000)
  eden space 79360K, 98% used [0x00000000d5a00000,0x00000000da60a1b0,0x00000000da780000)
  from space 1024K, 12% used [0x00000000ee800000,0x00000000ee820000,0x00000000ee900000)
  to   space 1024K, 0% used [0x00000000ee900000,0x00000000ee900000,0x00000000eea00000)
 ParOldGen       total 89600K, used 46592K [0x0000000080e00000, 0x0000000086580000, 0x00000000d5a00000)
  object space 89600K, 52% used [0x0000000080e00000,0x0000000083b80350,0x0000000086580000)
 Metaspace       used 10384K, capacity 10546K, committed 10752K, reserved 1058816K
  class space    used 1191K, capacity 1253K, committed 1280K, reserved 1048576K
GC Heap History (10 events):
Event: 37.925 GC heap before
{Heap before GC invocations=66 (full 1):
 PSYoungGen      total 93696K, used 91063K [0x00000000d5a00000, 0x00000000eeb00000, 0x0000000100000000)
  eden space 93184K, 97% used [0x00000000d5a00000,0x00000000db2cdd48,0x00000000db500000)
  from space 512K, 25% used [0x00000000eea80000,0x00000000eeaa0000,0x00000000eeb00000)
  to   space 1024K, 0% used [0x00000000ee900000,0x00000000ee900000,0x00000000eea00000)
 ParOldGen       total 89600K, used 46584K [0x0000000080e00000, 0x0000000086580000, 0x00000000d5a00000)
  object space 89600K, 51% used [0x0000000080e00000,0x0000000083b7e350,0x0000000086580000)
 Metaspace       used 10384K, capacity 10546K, committed 10752K, reserved 1058816K
  class space    used 1191K, capacity 1253K, committed 1280K, reserved 1048576K
Event: 37.928 GC heap after
Heap after GC invocations=66 (full 1):
 PSYoungGen      total 91136K, used 160K [0x00000000d5a00000, 0x00000000eeb00000, 0x0000000100000000)
  eden space 90112K, 0% used [0x00000000d5a00000,0x00000000d5a00000,0x00000000db200000)
  from space 1024K, 15% used [0x00000000ee900000,0x00000000ee928000,0x00000000eea00000)
  to   space 1024K, 0% used [0x00000000eea00000,0x00000000eea00000,0x00000000eeb00000)
 ParOldGen       total 89600K, used 46584K [0x0000000080e00000, 0x0000000086580000, 0x00000000d5a00000)
  object space 89600K, 51% used [0x0000000080e00000,0x0000000083b7e350,0x0000000086580000)
 Metaspace       used 10384K, capacity 10546K, committed 10752K, reserved 1058816K
  class space    used 1191K, capacity 1253K, committed 1280K, reserved 1048576K
}
Event: 38.074 GC heap before
{Heap before GC invocations=67 (full 1):
 PSYoungGen      total 91136K, used 78235K [0x00000000d5a00000, 0x00000000eeb00000, 0x0000000100000000)
  eden space 90112K, 86% used [0x00000000d5a00000,0x00000000da63ef10,0x00000000db200000)
  from space 1024K, 15% used [0x00000000ee900000,0x00000000ee928000,0x00000000eea00000)
  to   space 1024K, 0% used [0x00000000eea00000,0x00000000eea00000,0x00000000eeb00000)
 ParOldGen       total 89600K, used 46584K [0x0000000080e00000, 0x0000000086580000, 0x00000000d5a00000)
  object space 89600K, 51% used [0x0000000080e00000,0x0000000083b7e350,0x0000000086580000)
 Metaspace       used 10384K, capacity 10546K, committed 10752K, reserved 1058816K
  class space    used 1191K, capacity 1253K, committed 1280K, reserved 1048576K
Event: 38.075 GC heap after
Heap after GC invocations=67 (full 1):
 PSYoungGen      total 87552K, used 160K [0x00000000d5a00000, 0x00000000eea80000, 0x0000000100000000)
  eden space 87040K, 0% used [0x00000000d5a00000,0x00000000d5a00000,0x00000000daf00000)
  from space 512K, 31% used [0x00000000eea00000,0x00000000eea28000,0x00000000eea80000)
  to   space 1024K, 0% used [0x00000000ee880000,0x00000000ee880000,0x00000000ee980000)
 ParOldGen       total 89600K, used 46592K [0x0000000080e00000, 0x0000000086580000, 0x00000000d5a00000)
  object space 89600K, 52% used [0x0000000080e00000,0x0000000083b80350,0x0000000086580000)
 Metaspace       used 10384K, capacity 10546K, committed 10752K, reserved 1058816K
  class space    used 1191K, capacity 1253K, committed 1280K, reserved 1048576K
}
Event: 38.229 GC heap before
{Heap before GC invocations=68 (full 1):
 PSYoungGen      total 87552K, used 78174K [0x00000000d5a00000, 0x00000000eea80000, 0x0000000100000000)
  eden space 87040K, 89% used [0x00000000d5a00000,0x00000000da62f9d8,0x00000000daf00000)
  from space 512K, 31% used [0x00000000eea00000,0x00000000eea28000,0x00000000eea80000)
  to   space 1024K, 0% used [0x00000000ee880000,0x00000000ee880000,0x00000000ee980000)
 ParOldGen       total 89600K, used 46592K [0x0000000080e00000, 0x0000000086580000, 0x00000000d5a00000)
  object space 89600K, 52% used [0x0000000080e00000,0x0000000083b80350,0x0000000086580000)
 Metaspace       used 10384K, capacity 10546K, committed 10752K, reserved 1058816K
  class space    used 1191K, capacity 1253K, committed 1280K, reserved 1048576K
Event: 38.230 GC heap after
Heap after GC invocations=68 (full 1):
 PSYoungGen      total 85504K, used 96K [0x00000000d5a00000, 0x00000000eea80000, 0x0000000100000000)
  eden space 84480K, 0% used [0x00000000d5a00000,0x00000000d5a00000,0x00000000dac80000)
  from space 1024K, 9% used [0x00000000ee880000,0x00000000ee898000,0x00000000ee980000)
  to   space 1024K, 0% used [0x00000000ee980000,0x00000000ee980000,0x00000000eea80000)
 ParOldGen       total 89600K, used 46592K [0x0000000080e00000, 0x0000000086580000, 0x00000000d5a00000)
  object space 89600K, 52% used [0x0000000080e00000,0x0000000083b80350,0x0000000086580000)
 Metaspace       used 10384K, capacity 10546K, committed 10752K, reserved 1058816K
  class space    used 1191K, capacity 1253K, committed 1280K, reserved 1048576K
}
Event: 38.385 GC heap before
{Heap before GC invocations=69 (full 1):
 PSYoungGen      total 85504K, used 78060K [0x00000000d5a00000, 0x00000000eea80000, 0x0000000100000000)
  eden space 84480K, 92% used [0x00000000d5a00000,0x00000000da623040,0x00000000dac80000)
  from space 1024K, 9% used [0x00000000ee880000,0x00000000ee898000,0x00000000ee980000)
  to   space 1024K, 0% used [0x00000000ee980000,0x00000000ee980000,0x00000000eea80000)
 ParOldGen       total 89600K, used 46592K [0x0000000080e00000, 0x0000000086580000, 0x00000000d5a00000)
  object space 89600K, 52% used [0x0000000080e00000,0x0000000083b80350,0x0000000086580000)
 Metaspace       used 10384K, capacity 10546K, committed 10752K, reserved 1058816K
  class space    used 1191K, capacity 1253K, committed 1280K, reserved 1048576K
Event: 38.386 GC heap after
Heap after GC invocations=69 (full 1):
 PSYoungGen      total 82432K, used 128K [0x00000000d5a00000, 0x00000000eea00000, 0x0000000100000000)
  eden space 81920K, 0% used [0x00000000d5a00000,0x00000000d5a00000,0x00000000daa00000)
  from space 512K, 25% used [0x00000000ee980000,0x00000000ee9a0000,0x00000000eea00000)
  to   space 1024K, 0% used [0x00000000ee800000,0x00000000ee800000,0x00000000ee900000)
 ParOldGen       total 89600K, used 46592K [0x0000000080e00000, 0x0000000086580000, 0x00000000d5a00000)
  object space 89600K, 52% used [0x0000000080e00000,0x0000000083b80350,0x0000000086580000)
 Metaspace       used 10384K, capacity 10546K, committed 10752K, reserved 1058816K
  class space    used 1191K, capacity 1253K, committed 1280K, reserved 1048576K
}
Event: 38.542 GC heap before
{Heap before GC invocations=70 (full 1):
 PSYoungGen      total 82432K, used 78042K [0x00000000d5a00000, 0x00000000eea00000, 0x0000000100000000)
  eden space 81920K, 95% used [0x00000000d5a00000,0x00000000da616858,0x00000000daa00000)
  from space 512K, 25% used [0x00000000ee980000,0x00000000ee9a0000,0x00000000eea00000)
  to   space 1024K, 0% used [0x00000000ee800000,0x00000000ee800000,0x00000000ee900000)
 ParOldGen       total 89600K, used 46592K [0x0000000080e00000, 0x0000000086580000, 0x00000000d5a00000)
  object space 89600K, 52% used [0x0000000080e00000,0x0000000083b80350,0x0000000086580000)
 Metaspace       used 10384K, capacity 10546K, committed 10752K, reserved 1058816K
  class space    used 1191K, capacity 1253K, committed 1280K, reserved 1048576K
Event: 38.542 GC heap after
Heap after GC invocations=70 (full 1):
 PSYoungGen      total 80384K, used 128K [0x00000000d5a00000, 0x00000000eea00000, 0x0000000100000000)
  eden space 79360K, 0% used [0x00000000d5a00000,0x00000000d5a00000,0x00000000da780000)
  from space 1024K, 12% used [0x00000000ee800000,0x00000000ee820000,0x00000000ee900000)
  to   space 1024K, 0% used [0x00000000ee900000,0x00000000ee900000,0x00000000eea00000)
 ParOldGen       total 89600K, used 46592K [0x0000000080e00000, 0x0000000086580000, 0x00000000d5a00000)
  object space 89600K, 52% used [0x0000000080e00000,0x0000000083b80350,0x0000000086580000)
 Metaspace       used 10384K, capacity 10546K, committed 10752K, reserved 1058816K
  class space    used 1191K, capacity 1253K, committed 1280K, reserved 1048576K
}

